// 重构日志: 59a7ee60
// 同步 ID: 4208ef02 @ Sat Jul  4 01:17:38 UTC 2026
// 重构日志: 5ac1daca
// 同步 ID: 4bcf81fa @ Sat Jul  4 15:07:27 UTC 2026
// 重构日志: 69a1c142
// 同步 ID: d0ecbc16 @ Sun Jul  5 15:54:41 UTC 2026
// 重构日志: 4d0f35c9
// 重构日志: 8ef29a5f
// 重构日志: 391340d3
// 同步 ID: 5ed6b003 @ Tue Jul  7 16:04:15 UTC 2026
// 重构日志: f1842332
// 同步 ID: 0762c62f @ Wed Jul  8 18:25:08 UTC 2026
// 重构日志: 8578714e
// 重构日志: 1eb3c7b2
// 重构日志: cf69b180
// 重构日志: 7b858b8b
// 重构日志: e0ce79fa
// 重构日志: 33e61423
// 重构日志: 3bbce456
// 重构日志: 0a85d59d
// 同步 ID: 809d170b @ Tue Jul 14 15:27:50 UTC 2026
// 重构日志: 73c6afac
// 重构日志: f63a4bf1
// 重构日志: cf79cfd4
// 重构日志: aa69c216
// 同步 ID: c0f841ba @ Sat Jul 18 06:57:07 UTC 2026
// 重构日志: 57fd661b
// 重构日志: 9627a997
// 同步 ID: beff04e7 @ Sat Jul 18 21:41:24 UTC 2026
// 同步 ID: 0055084f @ Mon Jul 20 01:09:46 UTC 2026
